<?xml version="1.0" encoding="UTF-8"?>
<testsuite xmlns:xsi="http://www.w3.org/2001/XMLSchema-instance" xsi:noNamespaceSchemaLocation="https://maven.apache.org/surefire/maven-surefire-plugin/xsd/surefire-test-report-3.0.xsd" version="3.0" name="com.udacity.catpoint.security.SecurityServiceTest" time="1.337" tests="14" errors="0" skipped="0" failures="0">
  <properties>
[...]
</properties>
  <testcase name="changeSensorActivationStatusTest_inactivatedSensors_with_pendingAlarm_thenReturn_NoAlarm" classname="com.udacity.catpoint.security.SecurityServiceTest" time="1.067"/>
  <testcase name="changeSensorActivationStatusTest_system_armed_thenReturn_inactivated_SensorStatus(ArmingStatus)[1]" classname="com.udacity.catpoint.security.SecurityServiceTest" time="0.031"/>
  <testcase name="changeSensorActivationStatusTest_system_armed_thenReturn_inactivated_SensorStatus(ArmingStatus)[2]" classname="com.udacity.catpoint.security.SecurityServiceTest" time="0.004"/>
  <testcase name="changeSensorActivationStatusTest_alarm_activated_sensorStatus_changed_thenReturn_Not_Affected_AlarmStatus" classname="com.udacity.catpoint.security.SecurityServiceTest" time="0.006"/>
  <testcase name="imageTest_cat_detected_while_system_Armed_thenReturn_Alarm" classname="com.udacity.catpoint.security.SecurityServiceTest" time="0.118"/>
  <testcase name="imageTest_cat_not_detected_and_sensor_inactive_thenReturn_NoAlarm" classname="com.udacity.catpoint.security.SecurityServiceTest" time="0.005"/>
  <testcase name="changeSensorActivationStatusTest_alarm_disarmed_thenReturn_NoAlarm" classname="com.udacity.catpoint.security.SecurityServiceTest" time="0.003"/>
  <testcase name="changeSensorActivationStatusTest_alarmArmed_and_sensorActivated_with_pendingStatus_thenReturn_Alarm(ArmingStatus)[1]" classname="com.udacity.catpoint.security.SecurityServiceTest" time="0.006"/>
  <testcase name="changeSensorActivationStatusTest_alarmArmed_and_sensorActivated_with_pendingStatus_thenReturn_Alarm(ArmingStatus)[2]" classname="com.udacity.catpoint.security.SecurityServiceTest" time="0.004"/>
  <testcase name="changeSensorActivationStatusTest_sensor_deactivated_while_inactive_thenReturn_noChanges_to_AlarmStatus" classname="com.udacity.catpoint.security.SecurityServiceTest" time="0.002"/>
  <testcase name="imageTest_system_armed_while_cat_detected_thenReturn_Alarm" classname="com.udacity.catpoint.security.SecurityServiceTest" time="0.005"/>
  <testcase name="changeSensorActivationStatusTest_alarmArmed_and_sensorActivated_thenReturn_PendingAlarmStatus(ArmingStatus)[1]" classname="com.udacity.catpoint.security.SecurityServiceTest" time="0.004"/>
  <testcase name="changeSensorActivationStatusTest_alarmArmed_and_sensorActivated_thenReturn_PendingAlarmStatus(ArmingStatus)[2]" classname="com.udacity.catpoint.security.SecurityServiceTest" time="0.004"/>
  <testcase name="changeSensorActivationStatusTest_sensorActivated_with_pendingAlarm_thenReturn_Alarm" classname="com.udacity.catpoint.security.SecurityServiceTest" time="0.004"/>
</testsuite>